<?xml version="1.0" encoding="UTF-8"?>
<!-- Generated by org.testng.reporters.JUnitReportReporter -->
<testsuite hostname="DESKTOP-0PFBF0F" failures="0" tests="1" name="testpkg.sample2" time="0.003" errors="0" timestamp="2022-09-27T11:37:52 IST" skipped="0">
  <testcase classname="testpkg.sample2" name="demo2" time="0.003"/>
  <system-out/>
</testsuite> <!-- testpkg.sample2 -->
