<?xml version="1.0" encoding="UTF-8"?>
<!-- Generated by org.testng.reporters.JUnitReportReporter -->
<testsuite hostname="DESKTOP-0PFBF0F" failures="0" tests="3" name="loanapplications.HomeLoanApplicationTests" time="0.004" errors="0" timestamp="2022-09-27T11:37:52 IST" skipped="0">
  <testcase classname="loanapplications.HomeLoanApplicationTests" name="HomeLoanLoginMobile" time="0.001"/>
  <system-out/>
  <testcase classname="loanapplications.HomeLoanApplicationTests" name="HomeLoanLoginAPI" time="0.001"/>
  <system-out/>
  <testcase classname="loanapplications.HomeLoanApplicationTests" name="HomeLoanLoginWeb" time="0.002"/>
  <system-out/>
</testsuite> <!-- loanapplications.HomeLoanApplicationTests -->
