<?xml version="1.0" encoding="UTF-8"?>
<!-- Generated by org.testng.reporters.JUnitReportReporter -->
<testsuite hostname="DESKTOP-0PFBF0F" failures="0" tests="2" name="com.ecom.webapp.application" time="98.708" errors="0" timestamp="2022-10-01T20:19:52 IST" skipped="0">
  <testcase classname="com.ecom.webapp.application" name="register" time="54.563"/>
  <system-out/>
  <testcase classname="com.ecom.webapp.application" name="login" time="44.145"/>
  <system-out/>
</testsuite> <!-- com.ecom.webapp.application -->
