<?xml version="1.0" encoding="UTF-8"?>
<!-- Generated by org.testng.reporters.JUnitReportReporter -->
<testsuite hostname="DESKTOP-0PFBF0F" failures="0" tests="1" name="flipkarttest.Flipkart" time="82.120" errors="0" timestamp="2022-10-11T20:26:22 IST" skipped="0">
  <testcase classname="flipkarttest.Flipkart" name="flipkart" time="82.120"/>
  <system-out/>
</testsuite> <!-- flipkarttest.Flipkart -->
